<?xml version="1.0" encoding="UTF-8"?>
<!-- Generated by org.testng.reporters.JUnitReportReporter -->
<testsuite hostname="LMIPL-118" name="selenium.framework.rythmos.datasolutions.TS_01_DataSolutions" tests="13" failures="0" timestamp="29 Sep 2017 10:00:34 GMT" time="65.187" errors="1">
  <testcase name="validateH8OfDataOverview" time="2.717" classname="selenium.framework.rythmos.datasolutions.TS_01_DataSolutions"/>
  <testcase name="validateH5OfSupport" time="3.294" classname="selenium.framework.rythmos.datasolutions.TS_01_DataSolutions"/>
  <testcase name="validateGetHelpToday" time="2.748" classname="selenium.framework.rythmos.datasolutions.TS_01_DataSolutions"/>
  <testcase name="TC_01_NavigatingtoGDPLpage" time="23.367" classname="selenium.framework.rythmos.datasolutions.TS_01_DataSolutions"/>
  <testcase name="validateH5OfAnalytics" time="2.730" classname="selenium.framework.rythmos.datasolutions.TS_01_DataSolutions"/>
  <testcase name="validateH5OfDWH" time="2.735" classname="selenium.framework.rythmos.datasolutions.TS_01_DataSolutions"/>
  <testcase name="validateH54OfToolExpertise" time="2.919" classname="selenium.framework.rythmos.datasolutions.TS_01_DataSolutions"/>
  <testcase name="validateH5OfCloud" time="2.766" classname="selenium.framework.rythmos.datasolutions.TS_01_DataSolutions"/>
  <testcase name="validateH3PlatFormExpertise" time="2.749" classname="selenium.framework.rythmos.datasolutions.TS_01_DataSolutions"/>
  <testcase name="validatePlatFormExpertise" time="1.599" classname="selenium.framework.rythmos.datasolutions.TS_01_DataSolutions">
    <error type="java.lang.AssertionError" message="Validating Data Solutions color Failed. expected [rgba(241, 90, 50, 1)] but found [rgba(255, 255, 255, 1)]">
      <![CDATA[java.lang.AssertionError: Validating Data Solutions color Failed. expected [rgba(241, 90, 50, 1)] but found [rgba(255, 255, 255, 1)]
	at org.testng.Assert.fail(Assert.java:94)
	at org.testng.Assert.failNotEquals(Assert.java:494)
	at org.testng.Assert.assertEquals(Assert.java:123)
	at org.testng.Assert.assertEquals(Assert.java:176)
	at selenium.framework.rythmos.datasolutions.TS_01_DataSolutions.validatePlatFormExpertise(TS_01_DataSolutions.java:499)
	at sun.reflect.NativeMethodAccessorImpl.invoke0(Native Method)
	at sun.reflect.NativeMethodAccessorImpl.invoke(NativeMethodAccessorImpl.java:62)
	at sun.reflect.DelegatingMethodAccessorImpl.invoke(DelegatingMethodAccessorImpl.java:43)
	at java.lang.reflect.Method.invoke(Method.java:497)
	at org.testng.internal.MethodInvocationHelper.invokeMethod(MethodInvocationHelper.java:84)
	at org.testng.internal.Invoker.invokeMethod(Invoker.java:714)
	at org.testng.internal.Invoker.invokeTestMethod(Invoker.java:901)
	at org.testng.internal.Invoker.invokeTestMethods(Invoker.java:1231)
	at org.testng.internal.TestMethodWorker.invokeTestMethods(TestMethodWorker.java:127)
	at org.testng.internal.TestMethodWorker.run(TestMethodWorker.java:111)
	at org.testng.TestRunner.privateRun(TestRunner.java:767)
	at org.testng.TestRunner.run(TestRunner.java:617)
	at org.testng.SuiteRunner.runTest(SuiteRunner.java:334)
	at org.testng.SuiteRunner.runSequentially(SuiteRunner.java:329)
	at org.testng.SuiteRunner.privateRun(SuiteRunner.java:291)
	at org.testng.SuiteRunner.run(SuiteRunner.java:240)
	at org.testng.SuiteRunnerWorker.runSuite(SuiteRunnerWorker.java:52)
	at org.testng.SuiteRunnerWorker.run(SuiteRunnerWorker.java:86)
	at org.testng.TestNG.runSuitesSequentially(TestNG.java:1224)
	at org.testng.TestNG.runSuitesLocally(TestNG.java:1149)
	at org.testng.TestNG.run(TestNG.java:1057)
	at org.testng.remote.AbstractRemoteTestNG.run(AbstractRemoteTestNG.java:126)
	at org.testng.remote.RemoteTestNG.initAndRun(RemoteTestNG.java:75)
	at org.testng.remote.RemoteTestNG.main(RemoteTestNG.java:46)
]]>
    </error>
  </testcase> <!-- validatePlatFormExpertise -->
  <testcase name="validateIntroOfToolExpertise" time="2.743" classname="selenium.framework.rythmos.datasolutions.TS_01_DataSolutions"/>
  <testcase name="validateH8SummaryDataSolutions" time="2.225" classname="selenium.framework.rythmos.datasolutions.TS_01_DataSolutions"/>
  <testcase name="validateH2OfDataSolutions" time="12.595" classname="selenium.framework.rythmos.datasolutions.TS_01_DataSolutions"/>
</testsuite> <!-- selenium.framework.rythmos.datasolutions.TS_01_DataSolutions -->
